::1 - - [26/Jun/2019:23:36:55 +0000] "GET /api-cognos/alumnos HTTP/1.1" 500 1348 "-" "PostmanRuntime/7.15.0"
::1 - - [26/Jun/2019:23:38:07 +0000] "GET /api-cognos/alumnos HTTP/1.1" 500 1347 "-" "PostmanRuntime/7.15.0"
::1 - - [26/Jun/2019:23:38:49 +0000] "GET /api-cognos/alumnos HTTP/1.1" 200 90 "-" "PostmanRuntime/7.15.0"
::1 - - [26/Jun/2019:23:39:12 +0000] "GET /api-cognos/alumnos HTTP/1.1" 200 90 "-" "PostmanRuntime/7.15.0"
::1 - - [26/Jun/2019:23:39:40 +0000] "POST /api-cognos/alumnos HTTP/1.1" 500 1348 "-" "PostmanRuntime/7.15.0"
::1 - - [26/Jun/2019:23:40:29 +0000] "POST /api-cognos/alumnos HTTP/1.1" 200 79 "-" "PostmanRuntime/7.15.0"
::1 - - [26/Jun/2019:23:40:33 +0000] "GET /api-cognos/alumnos HTTP/1.1" 200 152 "-" "PostmanRuntime/7.15.0"
::ffff:192.168.0.121 - - [27/Jun/2019:00:10:07 +0000] "GET /api-cognos/alumnos HTTP/1.1" 200 152 "-" "Mozilla/5.0 (Windows NT 10.0; Win64; x64) AppleWebKit/537.36 (KHTML, like Gecko) Chrome/75.0.3770.100 Safari/537.36"
::ffff:192.168.0.121 - - [27/Jun/2019:00:10:07 +0000] "GET /favicon.ico HTTP/1.1" 404 150 "http://192.168.0.121:3000/api-cognos/alumnos" "Mozilla/5.0 (Windows NT 10.0; Win64; x64) AppleWebKit/537.36 (KHTML, like Gecko) Chrome/75.0.3770.100 Safari/537.36"
::1 - - [27/Jun/2019:00:42:51 +0000] "GET /public HTTP/1.1" 404 145 "-" "Mozilla/5.0 (Windows NT 10.0; Win64; x64) AppleWebKit/537.36 (KHTML, like Gecko) Chrome/75.0.3770.100 Safari/537.36"
::1 - - [27/Jun/2019:00:42:58 +0000] "GET / HTTP/1.1" 200 1777 "-" "Mozilla/5.0 (Windows NT 10.0; Win64; x64) AppleWebKit/537.36 (KHTML, like Gecko) Chrome/75.0.3770.100 Safari/537.36"
::1 - - [27/Jun/2019:00:42:58 +0000] "GET /favicon.ico HTTP/1.1" 404 150 "http://localhost:3000/" "Mozilla/5.0 (Windows NT 10.0; Win64; x64) AppleWebKit/537.36 (KHTML, like Gecko) Chrome/75.0.3770.100 Safari/537.36"
::1 - - [27/Jun/2019:00:46:54 +0000] "GET / HTTP/1.1" 200 1989 "-" "Mozilla/5.0 (Windows NT 10.0; Win64; x64) AppleWebKit/537.36 (KHTML, like Gecko) Chrome/75.0.3770.100 Safari/537.36"
::1 - - [27/Jun/2019:00:47:12 +0000] "GET / HTTP/1.1" 200 2016 "-" "Mozilla/5.0 (Windows NT 10.0; Win64; x64) AppleWebKit/537.36 (KHTML, like Gecko) Chrome/75.0.3770.100 Safari/537.36"
::1 - - [27/Jun/2019:00:49:40 +0000] "GET / HTTP/1.1" 200 1972 "-" "Mozilla/5.0 (Windows NT 10.0; Win64; x64) AppleWebKit/537.36 (KHTML, like Gecko) Chrome/75.0.3770.100 Safari/537.36"
::1 - - [27/Jun/2019:00:51:26 +0000] "GET / HTTP/1.1" 200 2307 "-" "Mozilla/5.0 (Windows NT 10.0; Win64; x64) AppleWebKit/537.36 (KHTML, like Gecko) Chrome/75.0.3770.100 Safari/537.36"
::1 - - [27/Jun/2019:00:51:47 +0000] "GET / HTTP/1.1" 200 2316 "-" "Mozilla/5.0 (Windows NT 10.0; Win64; x64) AppleWebKit/537.36 (KHTML, like Gecko) Chrome/75.0.3770.100 Safari/537.36"
::1 - - [27/Jun/2019:00:58:19 +0000] "GET / HTTP/1.1" 200 2680 "-" "Mozilla/5.0 (Windows NT 10.0; Win64; x64) AppleWebKit/537.36 (KHTML, like Gecko) Chrome/75.0.3770.100 Safari/537.36"
::1 - - [27/Jun/2019:00:59:13 +0000] "GET / HTTP/1.1" 200 2681 "-" "Mozilla/5.0 (Windows NT 10.0; Win64; x64) AppleWebKit/537.36 (KHTML, like Gecko) Chrome/75.0.3770.100 Safari/537.36"
::1 - - [27/Jun/2019:00:59:18 +0000] "GET / HTTP/1.1" 200 2682 "-" "Mozilla/5.0 (Windows NT 10.0; Win64; x64) AppleWebKit/537.36 (KHTML, like Gecko) Chrome/75.0.3770.100 Safari/537.36"
::1 - - [27/Jun/2019:00:59:19 +0000] "GET / HTTP/1.1" 304 - "-" "Mozilla/5.0 (Windows NT 10.0; Win64; x64) AppleWebKit/537.36 (KHTML, like Gecko) Chrome/75.0.3770.100 Safari/537.36"
::1 - - [27/Jun/2019:00:59:27 +0000] "GET / HTTP/1.1" 200 2680 "-" "Mozilla/5.0 (Windows NT 10.0; Win64; x64) AppleWebKit/537.36 (KHTML, like Gecko) Chrome/75.0.3770.100 Safari/537.36"
::1 - - [27/Jun/2019:00:59:50 +0000] "GET / HTTP/1.1" 200 2688 "-" "Mozilla/5.0 (Windows NT 10.0; Win64; x64) AppleWebKit/537.36 (KHTML, like Gecko) Chrome/75.0.3770.100 Safari/537.36"
::1 - - [27/Jun/2019:01:02:35 +0000] "GET / HTTP/1.1" 200 2780 "-" "Mozilla/5.0 (Windows NT 10.0; Win64; x64) AppleWebKit/537.36 (KHTML, like Gecko) Chrome/75.0.3770.100 Safari/537.36"
::1 - - [27/Jun/2019:01:02:44 +0000] "GET / HTTP/1.1" 200 2779 "-" "Mozilla/5.0 (Windows NT 10.0; Win64; x64) AppleWebKit/537.36 (KHTML, like Gecko) Chrome/75.0.3770.100 Safari/537.36"
::1 - - [27/Jun/2019:01:02:53 +0000] "GET / HTTP/1.1" 200 2780 "-" "Mozilla/5.0 (Windows NT 10.0; Win64; x64) AppleWebKit/537.36 (KHTML, like Gecko) Chrome/75.0.3770.100 Safari/537.36"
::1 - - [27/Jun/2019:01:03:08 +0000] "GET / HTTP/1.1" 200 2779 "-" "Mozilla/5.0 (Windows NT 10.0; Win64; x64) AppleWebKit/537.36 (KHTML, like Gecko) Chrome/75.0.3770.100 Safari/537.36"
::1 - - [27/Jun/2019:01:03:16 +0000] "GET / HTTP/1.1" 200 2780 "-" "Mozilla/5.0 (Windows NT 10.0; Win64; x64) AppleWebKit/537.36 (KHTML, like Gecko) Chrome/75.0.3770.100 Safari/537.36"
::1 - - [27/Jun/2019:01:03:36 +0000] "GET / HTTP/1.1" 200 2865 "-" "Mozilla/5.0 (Windows NT 10.0; Win64; x64) AppleWebKit/537.36 (KHTML, like Gecko) Chrome/75.0.3770.100 Safari/537.36"
::1 - - [27/Jun/2019:01:05:22 +0000] "GET / HTTP/1.1" 200 3063 "-" "Mozilla/5.0 (Windows NT 10.0; Win64; x64) AppleWebKit/537.36 (KHTML, like Gecko) Chrome/75.0.3770.100 Safari/537.36"
::1 - - [27/Jun/2019:01:06:09 +0000] "GET / HTTP/1.1" 200 3068 "-" "Mozilla/5.0 (Windows NT 10.0; Win64; x64) AppleWebKit/537.36 (KHTML, like Gecko) Chrome/75.0.3770.100 Safari/537.36"
::ffff:192.168.0.119 - - [27/Jun/2019:01:06:24 +0000] "GET / HTTP/1.1" 200 3068 "-" "Mozilla/5.0 (Windows NT 10.0; Win64; x64) AppleWebKit/537.36 (KHTML, like Gecko) Chrome/64.0.3282.140 Safari/537.36 Edge/18.17763"
::ffff:192.168.0.119 - - [27/Jun/2019:01:06:24 +0000] "GET /favicon.ico HTTP/1.1" 404 150 "-" "Mozilla/5.0 (Windows NT 10.0; Win64; x64) AppleWebKit/537.36 (KHTML, like Gecko) Chrome/64.0.3282.140 Safari/537.36 Edge/18.17763"
::1 - - [27/Jun/2019:01:07:06 +0000] "GET / HTTP/1.1" 200 3073 "-" "Mozilla/5.0 (Windows NT 10.0; Win64; x64) AppleWebKit/537.36 (KHTML, like Gecko) Chrome/75.0.3770.100 Safari/537.36"
::1 - - [27/Jun/2019:01:07:07 +0000] "GET / HTTP/1.1" 304 - "-" "Mozilla/5.0 (Windows NT 10.0; Win64; x64) AppleWebKit/537.36 (KHTML, like Gecko) Chrome/75.0.3770.100 Safari/537.36"
::1 - - [27/Jun/2019:01:07:08 +0000] "GET / HTTP/1.1" 304 - "-" "Mozilla/5.0 (Windows NT 10.0; Win64; x64) AppleWebKit/537.36 (KHTML, like Gecko) Chrome/75.0.3770.100 Safari/537.36"
::1 - - [27/Jun/2019:01:07:13 +0000] "GET / HTTP/1.1" 200 3068 "-" "Mozilla/5.0 (Windows NT 10.0; Win64; x64) AppleWebKit/537.36 (KHTML, like Gecko) Chrome/75.0.3770.100 Safari/537.36"
::1 - - [27/Jun/2019:01:07:14 +0000] "GET / HTTP/1.1" 304 - "-" "Mozilla/5.0 (Windows NT 10.0; Win64; x64) AppleWebKit/537.36 (KHTML, like Gecko) Chrome/75.0.3770.100 Safari/537.36"
::1 - - [27/Jun/2019:01:08:07 +0000] "GET / HTTP/1.1" 200 3086 "-" "Mozilla/5.0 (Windows NT 10.0; Win64; x64) AppleWebKit/537.36 (KHTML, like Gecko) Chrome/75.0.3770.100 Safari/537.36"
::1 - - [27/Jun/2019:01:08:24 +0000] "GET / HTTP/1.1" 200 3081 "-" "Mozilla/5.0 (Windows NT 10.0; Win64; x64) AppleWebKit/537.36 (KHTML, like Gecko) Chrome/75.0.3770.100 Safari/537.36"
::1 - - [27/Jun/2019:01:09:05 +0000] "GET / HTTP/1.1" 200 3102 "-" "Mozilla/5.0 (Windows NT 10.0; Win64; x64) AppleWebKit/537.36 (KHTML, like Gecko) Chrome/75.0.3770.100 Safari/537.36"
::1 - - [27/Jun/2019:01:09:41 +0000] "GET / HTTP/1.1" 200 3102 "-" "Mozilla/5.0 (Windows NT 10.0; Win64; x64) AppleWebKit/537.36 (KHTML, like Gecko) Chrome/75.0.3770.100 Safari/537.36"
::1 - - [27/Jun/2019:01:09:48 +0000] "GET / HTTP/1.1" 200 3107 "-" "Mozilla/5.0 (Windows NT 10.0; Win64; x64) AppleWebKit/537.36 (KHTML, like Gecko) Chrome/75.0.3770.100 Safari/537.36"
::1 - - [27/Jun/2019:01:10:17 +0000] "GET / HTTP/1.1" 200 3358 "-" "Mozilla/5.0 (Windows NT 10.0; Win64; x64) AppleWebKit/537.36 (KHTML, like Gecko) Chrome/75.0.3770.100 Safari/537.36"
::1 - - [27/Jun/2019:01:10:37 +0000] "GET / HTTP/1.1" 200 3355 "-" "Mozilla/5.0 (Windows NT 10.0; Win64; x64) AppleWebKit/537.36 (KHTML, like Gecko) Chrome/75.0.3770.100 Safari/537.36"
::1 - - [27/Jun/2019:01:11:57 +0000] "GET / HTTP/1.1" 200 3364 "-" "Mozilla/5.0 (Windows NT 10.0; Win64; x64) AppleWebKit/537.36 (KHTML, like Gecko) Chrome/75.0.3770.100 Safari/537.36"
::1 - - [27/Jun/2019:01:12:10 +0000] "GET / HTTP/1.1" 200 3366 "-" "Mozilla/5.0 (Windows NT 10.0; Win64; x64) AppleWebKit/537.36 (KHTML, like Gecko) Chrome/75.0.3770.100 Safari/537.36"
::1 - - [27/Jun/2019:01:12:34 +0000] "GET / HTTP/1.1" 200 3366 "-" "Mozilla/5.0 (Windows NT 10.0; Win64; x64) AppleWebKit/537.36 (KHTML, like Gecko) Chrome/75.0.3770.100 Safari/537.36"
::ffff:192.168.0.119 - - [27/Jun/2019:01:12:48 +0000] "GET / HTTP/1.1" 200 3366 "-" "Mozilla/5.0 (Windows NT 10.0; Win64; x64) AppleWebKit/537.36 (KHTML, like Gecko) Chrome/64.0.3282.140 Safari/537.36 Edge/18.17763"
::ffff:192.168.0.119 - - [27/Jun/2019:01:12:48 +0000] "GET /favicon.ico HTTP/1.1" 404 150 "-" "Mozilla/5.0 (Windows NT 10.0; Win64; x64) AppleWebKit/537.36 (KHTML, like Gecko) Chrome/64.0.3282.140 Safari/537.36 Edge/18.17763"
::1 - - [27/Jun/2019:01:12:51 +0000] "GET / HTTP/1.1" 200 3366 "-" "Mozilla/5.0 (Windows NT 10.0; Win64; x64) AppleWebKit/537.36 (KHTML, like Gecko) Chrome/75.0.3770.100 Safari/537.36"
::1 - - [27/Jun/2019:01:14:04 +0000] "GET / HTTP/1.1" 200 5101 "-" "Mozilla/5.0 (Windows NT 10.0; Win64; x64) AppleWebKit/537.36 (KHTML, like Gecko) Chrome/75.0.3770.100 Safari/537.36"
::1 - - [27/Jun/2019:01:14:47 +0000] "GET / HTTP/1.1" 200 4883 "-" "Mozilla/5.0 (Windows NT 10.0; Win64; x64) AppleWebKit/537.36 (KHTML, like Gecko) Chrome/75.0.3770.100 Safari/537.36"
::1 - - [27/Jun/2019:01:14:59 +0000] "GET / HTTP/1.1" 200 4903 "-" "Mozilla/5.0 (Windows NT 10.0; Win64; x64) AppleWebKit/537.36 (KHTML, like Gecko) Chrome/75.0.3770.100 Safari/537.36"
::1 - - [27/Jun/2019:01:15:13 +0000] "GET / HTTP/1.1" 200 4903 "-" "Mozilla/5.0 (Windows NT 10.0; Win64; x64) AppleWebKit/537.36 (KHTML, like Gecko) Chrome/75.0.3770.100 Safari/537.36"
::1 - - [27/Jun/2019:01:15:14 +0000] "GET / HTTP/1.1" 304 - "-" "Mozilla/5.0 (Windows NT 10.0; Win64; x64) AppleWebKit/537.36 (KHTML, like Gecko) Chrome/75.0.3770.100 Safari/537.36"
::1 - - [27/Jun/2019:01:15:15 +0000] "GET / HTTP/1.1" 304 - "-" "Mozilla/5.0 (Windows NT 10.0; Win64; x64) AppleWebKit/537.36 (KHTML, like Gecko) Chrome/75.0.3770.100 Safari/537.36"
::1 - - [27/Jun/2019:01:15:21 +0000] "GET / HTTP/1.1" 200 4883 "-" "Mozilla/5.0 (Windows NT 10.0; Win64; x64) AppleWebKit/537.36 (KHTML, like Gecko) Chrome/75.0.3770.100 Safari/537.36"
::1 - - [27/Jun/2019:01:15:51 +0000] "GET / HTTP/1.1" 200 4883 "-" "Mozilla/5.0 (Windows NT 10.0; Win64; x64) AppleWebKit/537.36 (KHTML, like Gecko) Chrome/75.0.3770.100 Safari/537.36"
::1 - - [27/Jun/2019:01:16:04 +0000] "GET / HTTP/1.1" 200 4907 "-" "Mozilla/5.0 (Windows NT 10.0; Win64; x64) AppleWebKit/537.36 (KHTML, like Gecko) Chrome/75.0.3770.100 Safari/537.36"
::1 - - [27/Jun/2019:01:16:10 +0000] "GET / HTTP/1.1" 200 4907 "-" "Mozilla/5.0 (Windows NT 10.0; Win64; x64) AppleWebKit/537.36 (KHTML, like Gecko) Chrome/75.0.3770.100 Safari/537.36"
::1 - - [27/Jun/2019:01:18:13 +0000] "GET / HTTP/1.1" 200 4795 "-" "Mozilla/5.0 (Windows NT 10.0; Win64; x64) AppleWebKit/537.36 (KHTML, like Gecko) Chrome/75.0.3770.100 Safari/537.36"
